<?xml version="1.0" encoding="UTF-8"?>
<testng-results ignored="0" total="2" passed="2" failed="0" skipped="0">
  <reporter-output>
  </reporter-output>
  <suite started-at="2020-07-06T22:44:43 IST" name="Default suite" finished-at="2020-07-06T22:44:43 IST" duration-ms="86">
    <groups>
    </groups>
    <test started-at="2020-07-06T22:44:43 IST" name="Default test" finished-at="2020-07-06T22:44:43 IST" duration-ms="86">
      <class name="TestClass">
        <test-method signature="test1()[pri:0, instance:TestClass@10db82ae]" started-at="2020-07-06T22:44:43 IST" name="test1" finished-at="2020-07-06T22:44:43 IST" duration-ms="19" status="PASS">
          <reporter-output>
          </reporter-output>
        </test-method> <!-- test1 -->
        <test-method signature="test2()[pri:0, instance:TestClass@10db82ae]" started-at="2020-07-06T22:44:43 IST" name="test2" finished-at="2020-07-06T22:44:43 IST" duration-ms="2" status="PASS">
          <reporter-output>
          </reporter-output>
        </test-method> <!-- test2 -->
      </class> <!-- TestClass -->
    </test> <!-- Default test -->
  </suite> <!-- Default suite -->
</testng-results>
